<?xml version="1.0" encoding="UTF-8"?>
<!-- Generated by org.testng.reporters.JUnitReportReporter -->
<testsuite hostname="ip-192-168-43-217.ap-southeast-1.compute.internal" name="cucumber.lambdatest.java.testNG.runners.RunnerFeatures" tests="1" failures="0" timestamp="20 Jan 2022 03:37:41 GMT" time="256.631" errors="0">
  <testcase name="run_cukes" time="256.631" classname="cucumber.lambdatest.java.testNG.runners.RunnerFeatures"/>
</testsuite> <!-- cucumber.lambdatest.java.testNG.runners.RunnerFeatures -->
